C:\USERS\KYUNGLAGKWON\DOCUMENTS\VISUAL STUDIO 2012\PROJECTS\DATASTRUCTURE\QUICKSORT\DEBUG\QUICKSORT.OBJ
C:\USERS\KYUNGLAGKWON\DOCUMENTS\VISUAL STUDIO 2012\PROJECTS\DATASTRUCTURE\QUICKSORT\DEBUG\VC110.PDB
C:\USERS\KYUNGLAGKWON\DOCUMENTS\VISUAL STUDIO 2012\PROJECTS\DATASTRUCTURE\DEBUG\QUICKSORT.ILK
C:\USERS\KYUNGLAGKWON\DOCUMENTS\VISUAL STUDIO 2012\PROJECTS\DATASTRUCTURE\DEBUG\QUICKSORT.EXE
C:\USERS\KYUNGLAGKWON\DOCUMENTS\VISUAL STUDIO 2012\PROJECTS\DATASTRUCTURE\DEBUG\QUICKSORT.PDB
C:\Users\KyunglagKwon\Documents\Visual Studio 2012\Projects\DataStructure\QuickSort\Debug\quickSort.obj
C:\Users\KyunglagKwon\Documents\Visual Studio 2012\Projects\DataStructure\QuickSort\Debug\cl.command.1.tlog
C:\Users\KyunglagKwon\Documents\Visual Studio 2012\Projects\DataStructure\QuickSort\Debug\CL.read.1.tlog
C:\Users\KyunglagKwon\Documents\Visual Studio 2012\Projects\DataStructure\QuickSort\Debug\CL.write.1.tlog
C:\Users\KyunglagKwon\Documents\Visual Studio 2012\Projects\DataStructure\QuickSort\Debug\link-cvtres.read.1.tlog
C:\Users\KyunglagKwon\Documents\Visual Studio 2012\Projects\DataStructure\QuickSort\Debug\link-cvtres.write.1.tlog
C:\Users\KyunglagKwon\Documents\Visual Studio 2012\Projects\DataStructure\QuickSort\Debug\link-rc.read.1.tlog
C:\Users\KyunglagKwon\Documents\Visual Studio 2012\Projects\DataStructure\QuickSort\Debug\link-rc.write.1.tlog
C:\Users\KyunglagKwon\Documents\Visual Studio 2012\Projects\DataStructure\QuickSort\Debug\link.command.1.tlog
C:\Users\KyunglagKwon\Documents\Visual Studio 2012\Projects\DataStructure\QuickSort\Debug\link.read.1.tlog
C:\Users\KyunglagKwon\Documents\Visual Studio 2012\Projects\DataStructure\QuickSort\Debug\link.write.1.tlog
C:\Users\KyunglagKwon\Documents\Visual Studio 2012\Projects\DataStructure\QuickSort\Debug\vc110.idb
C:\Users\KyunglagKwon\Documents\Visual Studio 2012\Projects\DataStructure\QuickSort\Debug\vc110.pdb
C:\Users\KyunglagKwon\Documents\Visual Studio 2012\Projects\DataStructure\Debug\QuickSort.pdb
C:\Users\KyunglagKwon\Documents\Visual Studio 2012\Projects\DataStructure\Debug\QuickSort.exe
C:\Users\KyunglagKwon\Documents\Visual Studio 2012\Projects\DataStructure\Debug\QuickSort.ilk
