C:\USERS\KYUNGLAGKWON\DOCUMENTS\VISUAL STUDIO 2012\PROJECTS\DATASTRUCTURE\HEAPSORT\DEBUG\VC110.PDB
C:\USERS\KYUNGLAGKWON\DOCUMENTS\VISUAL STUDIO 2012\PROJECTS\DATASTRUCTURE\HEAPSORT\DEBUG\HEAPSORT.OBJ
C:\USERS\KYUNGLAGKWON\DOCUMENTS\VISUAL STUDIO 2012\PROJECTS\DATASTRUCTURE\DEBUG\HEAPSORT.ILK
C:\USERS\KYUNGLAGKWON\DOCUMENTS\VISUAL STUDIO 2012\PROJECTS\DATASTRUCTURE\DEBUG\HEAPSORT.EXE
C:\USERS\KYUNGLAGKWON\DOCUMENTS\VISUAL STUDIO 2012\PROJECTS\DATASTRUCTURE\DEBUG\HEAPSORT.PDB
C:\Users\KyunglagKwon\Documents\Visual Studio 2012\Projects\DataStructure\HeapSort\Debug\heapSort.obj
C:\Users\KyunglagKwon\Documents\Visual Studio 2012\Projects\DataStructure\HeapSort\Debug\cl.command.1.tlog
C:\Users\KyunglagKwon\Documents\Visual Studio 2012\Projects\DataStructure\HeapSort\Debug\CL.read.1.tlog
C:\Users\KyunglagKwon\Documents\Visual Studio 2012\Projects\DataStructure\HeapSort\Debug\CL.write.1.tlog
C:\Users\KyunglagKwon\Documents\Visual Studio 2012\Projects\DataStructure\HeapSort\Debug\link-cvtres.read.1.tlog
C:\Users\KyunglagKwon\Documents\Visual Studio 2012\Projects\DataStructure\HeapSort\Debug\link-cvtres.write.1.tlog
C:\Users\KyunglagKwon\Documents\Visual Studio 2012\Projects\DataStructure\HeapSort\Debug\link-rc.read.1.tlog
C:\Users\KyunglagKwon\Documents\Visual Studio 2012\Projects\DataStructure\HeapSort\Debug\link-rc.write.1.tlog
C:\Users\KyunglagKwon\Documents\Visual Studio 2012\Projects\DataStructure\HeapSort\Debug\link.command.1.tlog
C:\Users\KyunglagKwon\Documents\Visual Studio 2012\Projects\DataStructure\HeapSort\Debug\link.read.1.tlog
C:\Users\KyunglagKwon\Documents\Visual Studio 2012\Projects\DataStructure\HeapSort\Debug\link.write.1.tlog
C:\Users\KyunglagKwon\Documents\Visual Studio 2012\Projects\DataStructure\HeapSort\Debug\vc110.idb
C:\Users\KyunglagKwon\Documents\Visual Studio 2012\Projects\DataStructure\HeapSort\Debug\vc110.pdb
C:\Users\KyunglagKwon\Documents\Visual Studio 2012\Projects\DataStructure\Debug\HeapSort.pdb
C:\Users\KyunglagKwon\Documents\Visual Studio 2012\Projects\DataStructure\Debug\HeapSort.exe
C:\Users\KyunglagKwon\Documents\Visual Studio 2012\Projects\DataStructure\Debug\HeapSort.ilk
