C:\USERS\KYUNGLAGKWON\DOCUMENTS\VISUAL STUDIO 2012\PROJECTS\DATASTRUCTURE\BUBBLESORT\DEBUG\BUBBLESORT.OBJ
C:\USERS\KYUNGLAGKWON\DOCUMENTS\VISUAL STUDIO 2012\PROJECTS\DATASTRUCTURE\BUBBLESORT\DEBUG\VC110.PDB
C:\USERS\KYUNGLAGKWON\DOCUMENTS\VISUAL STUDIO 2012\PROJECTS\DATASTRUCTURE\DEBUG\BUBBLESORT.ILK
C:\USERS\KYUNGLAGKWON\DOCUMENTS\VISUAL STUDIO 2012\PROJECTS\DATASTRUCTURE\DEBUG\BUBBLESORT.EXE
C:\USERS\KYUNGLAGKWON\DOCUMENTS\VISUAL STUDIO 2012\PROJECTS\DATASTRUCTURE\DEBUG\BUBBLESORT.PDB
C:\Users\KyunglagKwon\Documents\Visual Studio 2012\Projects\DataStructure\BubbleSort\Debug\bubbleSort.obj
C:\Users\KyunglagKwon\Documents\Visual Studio 2012\Projects\DataStructure\BubbleSort\Debug\cl.command.1.tlog
C:\Users\KyunglagKwon\Documents\Visual Studio 2012\Projects\DataStructure\BubbleSort\Debug\CL.read.1.tlog
C:\Users\KyunglagKwon\Documents\Visual Studio 2012\Projects\DataStructure\BubbleSort\Debug\CL.write.1.tlog
C:\Users\KyunglagKwon\Documents\Visual Studio 2012\Projects\DataStructure\BubbleSort\Debug\link-cvtres.read.1.tlog
C:\Users\KyunglagKwon\Documents\Visual Studio 2012\Projects\DataStructure\BubbleSort\Debug\link-cvtres.write.1.tlog
C:\Users\KyunglagKwon\Documents\Visual Studio 2012\Projects\DataStructure\BubbleSort\Debug\link-rc.read.1.tlog
C:\Users\KyunglagKwon\Documents\Visual Studio 2012\Projects\DataStructure\BubbleSort\Debug\link-rc.write.1.tlog
C:\Users\KyunglagKwon\Documents\Visual Studio 2012\Projects\DataStructure\BubbleSort\Debug\link.command.1.tlog
C:\Users\KyunglagKwon\Documents\Visual Studio 2012\Projects\DataStructure\BubbleSort\Debug\link.read.1.tlog
C:\Users\KyunglagKwon\Documents\Visual Studio 2012\Projects\DataStructure\BubbleSort\Debug\link.write.1.tlog
C:\Users\KyunglagKwon\Documents\Visual Studio 2012\Projects\DataStructure\BubbleSort\Debug\vc110.idb
C:\Users\KyunglagKwon\Documents\Visual Studio 2012\Projects\DataStructure\BubbleSort\Debug\vc110.pdb
C:\Users\KyunglagKwon\Documents\Visual Studio 2012\Projects\DataStructure\Debug\BubbleSort.pdb
C:\Users\KyunglagKwon\Documents\Visual Studio 2012\Projects\DataStructure\Debug\BubbleSort.exe
C:\Users\KyunglagKwon\Documents\Visual Studio 2012\Projects\DataStructure\Debug\BubbleSort.ilk
