C:\USERS\KYUNGLAGKWON\DOCUMENTS\VISUAL STUDIO 2012\PROJECTS\DATASTRUCTURE\LINKEDLIST\DEBUG\VC110.PDB
C:\USERS\KYUNGLAGKWON\DOCUMENTS\VISUAL STUDIO 2012\PROJECTS\DATASTRUCTURE\LINKEDLIST\DEBUG\CHAIN.OBJ
C:\USERS\KYUNGLAGKWON\DOCUMENTS\VISUAL STUDIO 2012\PROJECTS\DATASTRUCTURE\DEBUG\LINKEDLIST.ILK
C:\USERS\KYUNGLAGKWON\DOCUMENTS\VISUAL STUDIO 2012\PROJECTS\DATASTRUCTURE\DEBUG\LINKEDLIST.EXE
C:\USERS\KYUNGLAGKWON\DOCUMENTS\VISUAL STUDIO 2012\PROJECTS\DATASTRUCTURE\DEBUG\LINKEDLIST.PDB
C:\Users\KyunglagKwon\documents\visual studio 2012\Projects\DataStructure\LinkedList\Debug\chain.obj
C:\Users\KyunglagKwon\documents\visual studio 2012\Projects\DataStructure\LinkedList\Debug\cl.command.1.tlog
C:\Users\KyunglagKwon\documents\visual studio 2012\Projects\DataStructure\LinkedList\Debug\CL.read.1.tlog
C:\Users\KyunglagKwon\documents\visual studio 2012\Projects\DataStructure\LinkedList\Debug\CL.write.1.tlog
C:\Users\KyunglagKwon\documents\visual studio 2012\Projects\DataStructure\LinkedList\Debug\link-cvtres.read.1.tlog
C:\Users\KyunglagKwon\documents\visual studio 2012\Projects\DataStructure\LinkedList\Debug\link-cvtres.write.1.tlog
C:\Users\KyunglagKwon\documents\visual studio 2012\Projects\DataStructure\LinkedList\Debug\link-rc.read.1.tlog
C:\Users\KyunglagKwon\documents\visual studio 2012\Projects\DataStructure\LinkedList\Debug\link-rc.write.1.tlog
C:\Users\KyunglagKwon\documents\visual studio 2012\Projects\DataStructure\LinkedList\Debug\link.9188-cvtres.read.1.tlog
C:\Users\KyunglagKwon\documents\visual studio 2012\Projects\DataStructure\LinkedList\Debug\link.9188-cvtres.write.1.tlog
C:\Users\KyunglagKwon\documents\visual studio 2012\Projects\DataStructure\LinkedList\Debug\link.9188-rc.read.1.tlog
C:\Users\KyunglagKwon\documents\visual studio 2012\Projects\DataStructure\LinkedList\Debug\link.9188-rc.write.1.tlog
C:\Users\KyunglagKwon\documents\visual studio 2012\Projects\DataStructure\LinkedList\Debug\link.9188.read.1.tlog
C:\Users\KyunglagKwon\documents\visual studio 2012\Projects\DataStructure\LinkedList\Debug\link.9188.write.1.tlog
C:\Users\KyunglagKwon\documents\visual studio 2012\Projects\DataStructure\LinkedList\Debug\link.command.1.tlog
C:\Users\KyunglagKwon\documents\visual studio 2012\Projects\DataStructure\LinkedList\Debug\link.read.1.tlog
C:\Users\KyunglagKwon\documents\visual studio 2012\Projects\DataStructure\LinkedList\Debug\link.write.1.tlog
C:\Users\KyunglagKwon\documents\visual studio 2012\Projects\DataStructure\LinkedList\Debug\vc110.idb
C:\Users\KyunglagKwon\documents\visual studio 2012\Projects\DataStructure\LinkedList\Debug\vc110.pdb
C:\Users\KyunglagKwon\documents\visual studio 2012\Projects\DataStructure\Debug\LinkedList.pdb
C:\Users\KyunglagKwon\documents\visual studio 2012\Projects\DataStructure\Debug\LinkedList.exe
C:\Users\KyunglagKwon\documents\visual studio 2012\Projects\DataStructure\Debug\LinkedList.ilk
