C:\USERS\KYUNGLAGKWON\DOCUMENTS\VISUAL STUDIO 2012\PROJECTS\DATASTRUCTURE\INSERTIONSORT_2\DEBUG\INSERTIONSORT2.OBJ
C:\USERS\KYUNGLAGKWON\DOCUMENTS\VISUAL STUDIO 2012\PROJECTS\DATASTRUCTURE\INSERTIONSORT_2\DEBUG\VC110.PDB
C:\USERS\KYUNGLAGKWON\DOCUMENTS\VISUAL STUDIO 2012\PROJECTS\DATASTRUCTURE\DEBUG\INSERTIONSORT2.ILK
C:\USERS\KYUNGLAGKWON\DOCUMENTS\VISUAL STUDIO 2012\PROJECTS\DATASTRUCTURE\DEBUG\INSERTIONSORT2.EXE
C:\USERS\KYUNGLAGKWON\DOCUMENTS\VISUAL STUDIO 2012\PROJECTS\DATASTRUCTURE\DEBUG\INSERTIONSORT2.PDB
C:\Users\KyunglagKwon\Documents\Visual Studio 2012\Projects\DataStructure\InsertionSort_2\Debug\insertionSort2.obj
C:\Users\KyunglagKwon\Documents\Visual Studio 2012\Projects\DataStructure\InsertionSort_2\Debug\cl.command.1.tlog
C:\Users\KyunglagKwon\Documents\Visual Studio 2012\Projects\DataStructure\InsertionSort_2\Debug\CL.read.1.tlog
C:\Users\KyunglagKwon\Documents\Visual Studio 2012\Projects\DataStructure\InsertionSort_2\Debug\CL.write.1.tlog
C:\Users\KyunglagKwon\Documents\Visual Studio 2012\Projects\DataStructure\InsertionSort_2\Debug\link-cvtres.read.1.tlog
C:\Users\KyunglagKwon\Documents\Visual Studio 2012\Projects\DataStructure\InsertionSort_2\Debug\link-cvtres.write.1.tlog
C:\Users\KyunglagKwon\Documents\Visual Studio 2012\Projects\DataStructure\InsertionSort_2\Debug\link-rc.read.1.tlog
C:\Users\KyunglagKwon\Documents\Visual Studio 2012\Projects\DataStructure\InsertionSort_2\Debug\link-rc.write.1.tlog
C:\Users\KyunglagKwon\Documents\Visual Studio 2012\Projects\DataStructure\InsertionSort_2\Debug\link.command.1.tlog
C:\Users\KyunglagKwon\Documents\Visual Studio 2012\Projects\DataStructure\InsertionSort_2\Debug\link.read.1.tlog
C:\Users\KyunglagKwon\Documents\Visual Studio 2012\Projects\DataStructure\InsertionSort_2\Debug\link.write.1.tlog
C:\Users\KyunglagKwon\Documents\Visual Studio 2012\Projects\DataStructure\InsertionSort_2\Debug\vc110.idb
C:\Users\KyunglagKwon\Documents\Visual Studio 2012\Projects\DataStructure\InsertionSort_2\Debug\vc110.pdb
C:\Users\KyunglagKwon\Documents\Visual Studio 2012\Projects\DataStructure\Debug\InsertionSort2.pdb
C:\Users\KyunglagKwon\Documents\Visual Studio 2012\Projects\DataStructure\Debug\InsertionSort2.exe
C:\Users\KyunglagKwon\Documents\Visual Studio 2012\Projects\DataStructure\Debug\InsertionSort2.ilk
