C:\USERS\KYUNGLAGKWON\DOCUMENTS\VISUAL STUDIO 2012\PROJECTS\DATASTRUCTURE\INSERTIONSORT_1\DEBUG\INSERTIONSORT1.OBJ
C:\USERS\KYUNGLAGKWON\DOCUMENTS\VISUAL STUDIO 2012\PROJECTS\DATASTRUCTURE\INSERTIONSORT_1\DEBUG\VC110.PDB
C:\USERS\KYUNGLAGKWON\DOCUMENTS\VISUAL STUDIO 2012\PROJECTS\DATASTRUCTURE\DEBUG\INSERTIONSORT1.ILK
C:\USERS\KYUNGLAGKWON\DOCUMENTS\VISUAL STUDIO 2012\PROJECTS\DATASTRUCTURE\DEBUG\INSERTIONSORT1.EXE
C:\USERS\KYUNGLAGKWON\DOCUMENTS\VISUAL STUDIO 2012\PROJECTS\DATASTRUCTURE\DEBUG\INSERTIONSORT1.PDB
C:\Users\KyunglagKwon\Documents\Visual Studio 2012\Projects\DataStructure\InsertionSort_1\Debug\insertionSort1.obj
C:\Users\KyunglagKwon\Documents\Visual Studio 2012\Projects\DataStructure\InsertionSort_1\Debug\cl.command.1.tlog
C:\Users\KyunglagKwon\Documents\Visual Studio 2012\Projects\DataStructure\InsertionSort_1\Debug\CL.read.1.tlog
C:\Users\KyunglagKwon\Documents\Visual Studio 2012\Projects\DataStructure\InsertionSort_1\Debug\CL.write.1.tlog
C:\Users\KyunglagKwon\Documents\Visual Studio 2012\Projects\DataStructure\InsertionSort_1\Debug\link-cvtres.read.1.tlog
C:\Users\KyunglagKwon\Documents\Visual Studio 2012\Projects\DataStructure\InsertionSort_1\Debug\link-cvtres.write.1.tlog
C:\Users\KyunglagKwon\Documents\Visual Studio 2012\Projects\DataStructure\InsertionSort_1\Debug\link-rc.read.1.tlog
C:\Users\KyunglagKwon\Documents\Visual Studio 2012\Projects\DataStructure\InsertionSort_1\Debug\link-rc.write.1.tlog
C:\Users\KyunglagKwon\Documents\Visual Studio 2012\Projects\DataStructure\InsertionSort_1\Debug\link.command.1.tlog
C:\Users\KyunglagKwon\Documents\Visual Studio 2012\Projects\DataStructure\InsertionSort_1\Debug\link.read.1.tlog
C:\Users\KyunglagKwon\Documents\Visual Studio 2012\Projects\DataStructure\InsertionSort_1\Debug\link.write.1.tlog
C:\Users\KyunglagKwon\Documents\Visual Studio 2012\Projects\DataStructure\InsertionSort_1\Debug\vc110.idb
C:\Users\KyunglagKwon\Documents\Visual Studio 2012\Projects\DataStructure\InsertionSort_1\Debug\vc110.pdb
C:\Users\KyunglagKwon\Documents\Visual Studio 2012\Projects\DataStructure\Debug\InsertionSort1.pdb
C:\Users\KyunglagKwon\Documents\Visual Studio 2012\Projects\DataStructure\Debug\InsertionSort1.exe
C:\Users\KyunglagKwon\Documents\Visual Studio 2012\Projects\DataStructure\Debug\InsertionSort1.ilk
